app/build/intermediates/manifest_merge_blame_file/debug/manifest-merger-blame-debug-report.txt
1<?xml version="1.0" encoding="utf-8"?>
2<manifest xmlns:android="http://schemas.android.com/apk/res/android"
3    package="com.example.ejercicio_camara_codigobarras"
4    android:versionCode="1"
5    android:versionName="1.0" >
6
7    <uses-sdk
8        android:minSdkVersion="24"
9        android:targetSdkVersion="34" />
10
11    <uses-permission android:name="android.permission.INTERNET" />
11-->src\main\AndroidManifest.xml:4:5-67
11-->src\main\AndroidManifest.xml:4:22-64
12    <uses-permission android:name="android.permission.CAMERA" /> <!-- Don't require camera, as this requires a rear camera. This allows it to work on the Nexus 7 -->
12-->[com.journeyapps:zxing-android-embedded:4.1.0] AndroidManifest.xml:22:5-65
12-->[com.journeyapps:zxing-android-embedded:4.1.0] AndroidManifest.xml:22:22-62
13    <uses-feature
13-->[com.journeyapps:zxing-android-embedded:4.1.0] AndroidManifest.xml:25:5-27:36
14        android:name="android.hardware.camera"
14-->[com.journeyapps:zxing-android-embedded:4.1.0] AndroidManifest.xml:26:9-47
15        android:required="false" />
15-->[com.journeyapps:zxing-android-embedded:4.1.0] AndroidManifest.xml:27:9-33
16    <uses-feature
16-->[com.journeyapps:zxing-android-embedded:4.1.0] AndroidManifest.xml:28:5-30:36
17        android:name="android.hardware.camera.front"
17-->[com.journeyapps:zxing-android-embedded:4.1.0] AndroidManifest.xml:29:9-53
18        android:required="false" /> <!-- TODO replace above two with next line after Android 4.2 -->
18-->[com.journeyapps:zxing-android-embedded:4.1.0] AndroidManifest.xml:30:9-33
19    <!-- <uses-feature android:name="android.hardware.camera.any"/> -->
20    <uses-feature
20-->[com.journeyapps:zxing-android-embedded:4.1.0] AndroidManifest.xml:33:5-35:36
21        android:name="android.hardware.camera.autofocus"
21-->[com.journeyapps:zxing-android-embedded:4.1.0] AndroidManifest.xml:34:9-57
22        android:required="false" />
22-->[com.journeyapps:zxing-android-embedded:4.1.0] AndroidManifest.xml:35:9-33
23    <uses-feature
23-->[com.journeyapps:zxing-android-embedded:4.1.0] AndroidManifest.xml:36:5-38:36
24        android:name="android.hardware.camera.flash"
24-->[com.journeyapps:zxing-android-embedded:4.1.0] AndroidManifest.xml:37:9-53
25        android:required="false" />
25-->[com.journeyapps:zxing-android-embedded:4.1.0] AndroidManifest.xml:38:9-33
26    <uses-feature
26-->[com.journeyapps:zxing-android-embedded:4.1.0] AndroidManifest.xml:39:5-41:36
27        android:name="android.hardware.screen.landscape"
27-->[com.journeyapps:zxing-android-embedded:4.1.0] AndroidManifest.xml:40:9-57
28        android:required="false" />
28-->[com.journeyapps:zxing-android-embedded:4.1.0] AndroidManifest.xml:41:9-33
29    <uses-feature
29-->[com.journeyapps:zxing-android-embedded:4.1.0] AndroidManifest.xml:42:5-44:36
30        android:name="android.hardware.wifi"
30-->[com.journeyapps:zxing-android-embedded:4.1.0] AndroidManifest.xml:43:9-45
31        android:required="false" />
31-->[com.journeyapps:zxing-android-embedded:4.1.0] AndroidManifest.xml:44:9-33
32
33    <permission
33-->[androidx.core:core:1.9.0] AndroidManifest.xml:22:5-24:47
34        android:name="com.example.ejercicio_camara_codigobarras.DYNAMIC_RECEIVER_NOT_EXPORTED_PERMISSION"
34-->[androidx.core:core:1.9.0] AndroidManifest.xml:23:9-81
35        android:protectionLevel="signature" />
35-->[androidx.core:core:1.9.0] AndroidManifest.xml:24:9-44
36
37    <uses-permission android:name="com.example.ejercicio_camara_codigobarras.DYNAMIC_RECEIVER_NOT_EXPORTED_PERMISSION" />
37-->[androidx.core:core:1.9.0] AndroidManifest.xml:26:5-97
37-->[androidx.core:core:1.9.0] AndroidManifest.xml:26:22-94
38
39    <application
39-->src\main\AndroidManifest.xml:5:5-29:19
40        android:allowBackup="true"
40-->src\main\AndroidManifest.xml:6:9-35
41        android:appComponentFactory="androidx.core.app.CoreComponentFactory"
41-->[androidx.core:core:1.9.0] AndroidManifest.xml:28:18-86
42        android:dataExtractionRules="@xml/data_extraction_rules"
42-->src\main\AndroidManifest.xml:7:9-65
43        android:debuggable="true"
44        android:extractNativeLibs="false"
45        android:fullBackupContent="@xml/backup_rules"
45-->src\main\AndroidManifest.xml:8:9-54
46        android:hardwareAccelerated="true"
46-->src\main\AndroidManifest.xml:9:9-43
47        android:icon="@mipmap/ic_launcher"
47-->src\main\AndroidManifest.xml:10:9-43
48        android:label="@string/app_name"
48-->src\main\AndroidManifest.xml:11:9-41
49        android:roundIcon="@mipmap/ic_launcher_round"
49-->src\main\AndroidManifest.xml:12:9-54
50        android:supportsRtl="true"
50-->src\main\AndroidManifest.xml:13:9-35
51        android:testOnly="true"
52        android:theme="@style/Theme.Ejercicio_camara_codigobarras" >
52-->src\main\AndroidManifest.xml:14:9-67
53        <activity
53-->src\main\AndroidManifest.xml:16:9-24:20
54            android:name="com.example.ejercicio_camara_codigobarras.MainActivity"
54-->src\main\AndroidManifest.xml:17:13-41
55            android:exported="true" >
55-->src\main\AndroidManifest.xml:18:13-36
56            <intent-filter>
56-->src\main\AndroidManifest.xml:19:13-23:29
57                <action android:name="android.intent.action.MAIN" />
57-->src\main\AndroidManifest.xml:20:17-69
57-->src\main\AndroidManifest.xml:20:25-66
58
59                <category android:name="android.intent.category.LAUNCHER" />
59-->src\main\AndroidManifest.xml:22:17-77
59-->src\main\AndroidManifest.xml:22:27-74
60            </intent-filter>
61        </activity>
62        <activity
62-->src\main\AndroidManifest.xml:25:9-28:49
63            android:name="com.journeyapps.barcodescanner.CaptureActivity"
63-->src\main\AndroidManifest.xml:26:13-74
64            android:clearTaskOnLaunch="true"
64-->[com.journeyapps:zxing-android-embedded:4.1.0] AndroidManifest.xml:49:13-45
65            android:screenOrientation="fullSensor"
65-->src\main\AndroidManifest.xml:27:13-51
66            android:stateNotNeeded="true"
66-->[com.journeyapps:zxing-android-embedded:4.1.0] AndroidManifest.xml:51:13-42
67            android:theme="@style/zxing_CaptureTheme"
67-->[com.journeyapps:zxing-android-embedded:4.1.0] AndroidManifest.xml:52:13-54
68            android:windowSoftInputMode="stateAlwaysHidden" />
68-->[com.journeyapps:zxing-android-embedded:4.1.0] AndroidManifest.xml:53:13-60
69
70        <provider
70-->[androidx.emoji2:emoji2:1.2.0] AndroidManifest.xml:24:9-32:20
71            android:name="androidx.startup.InitializationProvider"
71-->[androidx.emoji2:emoji2:1.2.0] AndroidManifest.xml:25:13-67
72            android:authorities="com.example.ejercicio_camara_codigobarras.androidx-startup"
72-->[androidx.emoji2:emoji2:1.2.0] AndroidManifest.xml:26:13-68
73            android:exported="false" >
73-->[androidx.emoji2:emoji2:1.2.0] AndroidManifest.xml:27:13-37
74            <meta-data
74-->[androidx.emoji2:emoji2:1.2.0] AndroidManifest.xml:29:13-31:52
75                android:name="androidx.emoji2.text.EmojiCompatInitializer"
75-->[androidx.emoji2:emoji2:1.2.0] AndroidManifest.xml:30:17-75
76                android:value="androidx.startup" />
76-->[androidx.emoji2:emoji2:1.2.0] AndroidManifest.xml:31:17-49
77            <meta-data
77-->[androidx.lifecycle:lifecycle-process:2.4.1] AndroidManifest.xml:31:13-33:52
78                android:name="androidx.lifecycle.ProcessLifecycleInitializer"
78-->[androidx.lifecycle:lifecycle-process:2.4.1] AndroidManifest.xml:32:17-78
79                android:value="androidx.startup" />
79-->[androidx.lifecycle:lifecycle-process:2.4.1] AndroidManifest.xml:33:17-49
80        </provider>
81    </application>
82
83</manifest>